solution status: optimal solution found
objective value:                              3756400
cpmy_2                                              1 	(obj:0)
cpmy_29                                             1 	(obj:-200)
cpmy_35                                             1 	(obj:-200)
cpmy_38                                             1 	(obj:-200)
cpmy_69                                             1 	(obj:-200)
cpmy_75                                             1 	(obj:-200)
cpmy_79                                             1 	(obj:-400)
cpmy_81                                             1 	(obj:0)
cpmy_109                                            1 	(obj:-200)
cpmy_115                                            1 	(obj:-200)
cpmy_119                                            1 	(obj:-200)
cpmy_122                                            1 	(obj:0)
cpmy_149                                            1 	(obj:-200)
cpmy_155                                            1 	(obj:-200)
cpmy_159                                            1 	(obj:-200)
cpmy_168                                            1 	(obj:0)
cpmy_189                                            1 	(obj:-200)
cpmy_195                                            1 	(obj:-200)
cpmy_198                                            1 	(obj:-200)
cpmy_229                                            1 	(obj:-200)
cpmy_235                                            1 	(obj:-200)
cpmy_238                                            1 	(obj:-200)
cpmy_269                                            1 	(obj:-200)
cpmy_275                                            1 	(obj:-200)
cpmy_279                                            1 	(obj:-200)
cpmy_282                                            1 	(obj:0)
cpmy_309                                            1 	(obj:-200)
cpmy_315                                            1 	(obj:-200)
cpmy_319                                            1 	(obj:-200)
cpmy_328                                            1 	(obj:0)
cpmy_349                                            1 	(obj:-200)
cpmy_355                                            1 	(obj:-200)
cpmy_358                                            1 	(obj:-200)
cpmy_389                                            1 	(obj:-200)
cpmy_395                                            1 	(obj:-200)
cpmy_400                                            1 	(obj:-200)
cpmy_429                                            1 	(obj:-200)
cpmy_435                                            1 	(obj:-200)
cpmy_440                                            1 	(obj:-200)
cpmy_455                                            1 	(obj:0)
cpmy_469                                            1 	(obj:-200)
cpmy_475                                            1 	(obj:-200)
cpmy_479                                            1 	(obj:-200)
cpmy_482                                            1 	(obj:0)
cpmy_509                                            1 	(obj:-200)
cpmy_515                                            1 	(obj:-200)
cpmy_518                                            1 	(obj:-200)
cpmy_549                                            1 	(obj:-200)
cpmy_555                                            1 	(obj:-200)
cpmy_558                                            1 	(obj:-200)
cpmy_589                                            1 	(obj:-200)
cpmy_595                                            1 	(obj:-200)
cpmy_598                                            1 	(obj:-200)
cpmy_608                                            1 	(obj:0)
cpmy_629                                            1 	(obj:-200)
cpmy_635                                            1 	(obj:-200)
cpmy_639                                            1 	(obj:-200)
cpmy_655                                            1 	(obj:0)
cpmy_669                                            1 	(obj:-200)
cpmy_675                                            1 	(obj:-200)
cpmy_678                                            1 	(obj:-200)
cpmy_709                                            1 	(obj:-200)
cpmy_715                                            1 	(obj:-200)
cpmy_718                                            1 	(obj:-200)
cpmy_749                                            1 	(obj:-200)
cpmy_755                                            1 	(obj:-200)
cpmy_758                                            1 	(obj:-200)
cpmy_768                                            1 	(obj:0)
cpmy_789                                            1 	(obj:-200)
cpmy_795                                            1 	(obj:-200)
cpmy_800                                            1 	(obj:-200)
cpmy_802                                            1 	(obj:0)
cpmy_829                                            1 	(obj:-200)
cpmy_835                                            1 	(obj:-200)
cpmy_838                                            1 	(obj:-200)
cpmy_854                                            1 	(obj:0)
cpmy_874                                            1 	(obj:0)
cpmy_909                                            1 	(obj:-200)
cpmy_915                                            1 	(obj:-200)
cpmy_919                                            1 	(obj:-200)
cpmy_928                                            1 	(obj:0)
cpmy_949                                            1 	(obj:-200)
cpmy_955                                            1 	(obj:-200)
cpmy_959                                            1 	(obj:-200)
cpmy_966                                            1 	(obj:0)
cpmy_994                                            1 	(obj:0)
cpmy_1029                                           1 	(obj:-200)
cpmy_1035                                           1 	(obj:-200)
cpmy_1039                                           1 	(obj:-200)
cpmy_1048                                           1 	(obj:0)
cpmy_1069                                           1 	(obj:-200)
cpmy_1075                                           1 	(obj:-200)
cpmy_1080                                           1 	(obj:-200)
cpmy_1087                                           1 	(obj:0)
cpmy_1109                                           1 	(obj:-200)
cpmy_1115                                           1 	(obj:-200)
cpmy_1119                                           1 	(obj:-200)
cpmy_1134                                           1 	(obj:0)
cpmy_1147                                           1 	(obj:0)
cpmy_1162                                           1 	(obj:0)
cpmy_1189                                           1 	(obj:-200)
cpmy_1195                                           1 	(obj:-200)
cpmy_1199                                           1 	(obj:-200)
cpmy_1229                                           1 	(obj:-200)
cpmy_1235                                           1 	(obj:-200)
cpmy_1239                                           1 	(obj:-200)
cpmy_1246                                           1 	(obj:0)
cpmy_1272                                           1 	(obj:-200)
cpmy_1295                                           1 	(obj:0)
cpmy_1309                                           1 	(obj:-200)
cpmy_1315                                           1 	(obj:-200)
cpmy_1318                                           1 	(obj:-200)
cpmy_1349                                           1 	(obj:-200)
cpmy_1355                                           1 	(obj:-200)
cpmy_1358                                           1 	(obj:-200)
cpmy_1389                                           1 	(obj:-200)
cpmy_1395                                           1 	(obj:-200)
cpmy_1398                                           1 	(obj:-200)
cpmy_1415                                           1 	(obj:0)
cpmy_1429                                           1 	(obj:-200)
cpmy_1435                                           1 	(obj:-200)
cpmy_1439                                           1 	(obj:-200)
cpmy_1442                                           1 	(obj:0)
cpmy_1469                                           1 	(obj:-200)
cpmy_1475                                           1 	(obj:-200)
cpmy_1478                                           1 	(obj:-200)
cpmy_1509                                           1 	(obj:-200)
cpmy_1515                                           1 	(obj:-200)
cpmy_1518                                           1 	(obj:-200)
cpmy_1549                                           1 	(obj:-200)
cpmy_1555                                           1 	(obj:-200)
cpmy_1558                                           1 	(obj:-200)
cpmy_1562                                           1 	(obj:0)
cpmy_1589                                           1 	(obj:-200)
cpmy_1595                                           1 	(obj:-200)
cpmy_1599                                           1 	(obj:-200)
cpmy_1615                                           1 	(obj:0)
cpmy_1629                                           1 	(obj:-200)
cpmy_1635                                           1 	(obj:-200)
cpmy_1638                                           1 	(obj:-200)
cpmy_1647                                           1 	(obj:0)
cpmy_1669                                           1 	(obj:-200)
cpmy_1675                                           1 	(obj:-200)
cpmy_1678                                           1 	(obj:-200)
cpmy_1709                                           1 	(obj:-200)
cpmy_1715                                           1 	(obj:-200)
cpmy_1718                                           1 	(obj:-200)
cpmy_1735                                           1 	(obj:0)
cpmy_1749                                           1 	(obj:-200)
cpmy_1755                                           1 	(obj:-200)
cpmy_1759                                           1 	(obj:-200)
cpmy_1768                                           1 	(obj:0)
cpmy_1789                                           1 	(obj:-200)
cpmy_1795                                           1 	(obj:-200)
cpmy_1798                                           1 	(obj:-200)
cpmy_1829                                           1 	(obj:-200)
cpmy_1835                                           1 	(obj:-200)
cpmy_1838                                           1 	(obj:-200)
cpmy_1846                                           1 	(obj:0)
cpmy_1867                                           1 	(obj:0)
cpmy_1882                                           1 	(obj:0)
cpmy_1909                                           1 	(obj:-200)
cpmy_1915                                           1 	(obj:-200)
cpmy_1919                                           1 	(obj:-200)
cpmy_1928                                           1 	(obj:0)
cpmy_1949                                           1 	(obj:-200)
cpmy_1955                                           1 	(obj:-200)
cpmy_1958                                           1 	(obj:-200)
cpmy_1989                                           1 	(obj:-200)
cpmy_1995                                           1 	(obj:-200)
cpmy_1998                                           1 	(obj:-200)
cpmy_2029                                           1 	(obj:-200)
cpmy_2035                                           1 	(obj:-200)
cpmy_2038                                           1 	(obj:-200)
cpmy_2048                                           1 	(obj:0)
cpmy_2069                                           1 	(obj:-200)
cpmy_2075                                           1 	(obj:-200)
cpmy_2079                                           1 	(obj:-200)
cpmy_2081                                           1 	(obj:0)
cpmy_2109                                           1 	(obj:-200)
cpmy_2115                                           1 	(obj:-200)
cpmy_2118                                           1 	(obj:-200)
cpmy_2134                                           1 	(obj:0)
cpmy_2147                                           1 	(obj:0)
cpmy_2168                                           1 	(obj:0)
cpmy_2189                                           1 	(obj:-200)
cpmy_2195                                           1 	(obj:-200)
cpmy_2198                                           1 	(obj:-200)
cpmy_2206                                           1 	(obj:0)
cpmy_2227                                           1 	(obj:0)
cpmy_2248                                           1 	(obj:0)
cpmy_2269                                           1 	(obj:-200)
cpmy_2275                                           1 	(obj:-200)
cpmy_2278                                           1 	(obj:-200)
cpmy_2287                                           1 	(obj:0)
cpmy_2309                                           1 	(obj:-200)
cpmy_2315                                           1 	(obj:-200)
cpmy_2318                                           1 	(obj:-200)
cpmy_2349                                           1 	(obj:-200)
cpmy_2355                                           1 	(obj:-200)
cpmy_2359                                           1 	(obj:-200)
cpmy_2368                                           1 	(obj:0)
cpmy_2389                                           1 	(obj:-200)
cpmy_2395                                           1 	(obj:-200)
cpmy_2400                                           1 	(obj:-200)
cpmy_2402                                           1 	(obj:0)
cpmy_2429                                           1 	(obj:-200)
cpmy_2435                                           1 	(obj:-200)
cpmy_2438                                           1 	(obj:-200)
cpmy_2469                                           1 	(obj:-200)
cpmy_2475                                           1 	(obj:-200)
cpmy_2480                                           1 	(obj:-200)
cpmy_2487                                           1 	(obj:0)
cpmy_2509                                           1 	(obj:-200)
cpmy_2515                                           1 	(obj:-200)
cpmy_2519                                           1 	(obj:-200)
cpmy_2528                                           1 	(obj:0)
cpmy_2549                                           1 	(obj:-200)
cpmy_2555                                           1 	(obj:-200)
cpmy_2560                                           1 	(obj:-200)
cpmy_2562                                           1 	(obj:0)
cpmy_2589                                           1 	(obj:-200)
cpmy_2595                                           1 	(obj:-200)
cpmy_2598                                           1 	(obj:-200)
cpmy_2629                                           1 	(obj:-200)
cpmy_2635                                           1 	(obj:-200)
cpmy_2640                                           1 	(obj:-200)
cpmy_2654                                           1 	(obj:0)
cpmy_2674                                           1 	(obj:0)
cpmy_2688                                           1 	(obj:0)
cpmy_2709                                           1 	(obj:-200)
cpmy_2715                                           1 	(obj:-200)
cpmy_2719                                           1 	(obj:-200)
cpmy_2728                                           1 	(obj:0)
cpmy_2749                                           1 	(obj:-200)
cpmy_2755                                           1 	(obj:-200)
cpmy_2758                                           1 	(obj:-200)
cpmy_2789                                           1 	(obj:-200)
cpmy_2795                                           1 	(obj:-200)
cpmy_2798                                           1 	(obj:-200)
cpmy_2801                                           1 	(obj:0)
cpmy_2829                                           1 	(obj:-200)
cpmy_2835                                           1 	(obj:-200)
cpmy_2838                                           1 	(obj:-200)
cpmy_2848                                           1 	(obj:0)
cpmy_2869                                           1 	(obj:-200)
cpmy_2875                                           1 	(obj:-200)
cpmy_2879                                           1 	(obj:-200)
cpmy_2895                                           1 	(obj:0)
cpmy_2909                                           1 	(obj:-200)
cpmy_2915                                           1 	(obj:-200)
cpmy_2918                                           1 	(obj:-200)
cpmy_2927                                           1 	(obj:0)
cpmy_2949                                           1 	(obj:-200)
cpmy_2955                                           1 	(obj:-200)
cpmy_2958                                           1 	(obj:-200)
cpmy_2989                                           1 	(obj:-200)
cpmy_2995                                           1 	(obj:-200)
cpmy_2998                                           1 	(obj:-200)
cpmy_3015                                           1 	(obj:0)
cpmy_3029                                           1 	(obj:-200)
cpmy_3035                                           1 	(obj:-200)
cpmy_3039                                           1 	(obj:-200)
cpmy_3055                                           1 	(obj:0)
cpmy_3069                                           1 	(obj:-200)
cpmy_3075                                           1 	(obj:-200)
cpmy_3078                                           1 	(obj:-200)
cpmy_3109                                           1 	(obj:-200)
cpmy_3115                                           1 	(obj:-200)
cpmy_3118                                           1 	(obj:-200)
cpmy_3149                                           1 	(obj:-200)
cpmy_3155                                           1 	(obj:-200)
cpmy_3160                                           1 	(obj:-200)
cpmy_3168                                           1 	(obj:0)
cpmy_3189                                           1 	(obj:-200)
cpmy_3195                                           1 	(obj:-200)
cpmy_3199                                           1 	(obj:-200)
uf_1                                                1 	(obj:0)
uf_2                                                1 	(obj:0)
uf_3                                                1 	(obj:0)
uf_4                                                1 	(obj:0)
uf_5                                                1 	(obj:0)
uf_6                                                1 	(obj:0)
uf_7                                                1 	(obj:0)
uf_8                                                1 	(obj:0)
uf_9                                                1 	(obj:0)
uf_10                                               1 	(obj:0)
uf_11                                               1 	(obj:0)
uf_12                                               1 	(obj:0)
uf_13                                               1 	(obj:0)
uf_14                                               1 	(obj:0)
uf_15                                               1 	(obj:0)
uf_16                                               1 	(obj:0)
uf_17                                               1 	(obj:0)
uf_18                                               1 	(obj:0)
uf_19                                               1 	(obj:0)
uf_20                                               1 	(obj:0)
uf_21                                               1 	(obj:0)
uf_22                                               1 	(obj:0)
uf_23                                               1 	(obj:0)
uf_24                                               1 	(obj:0)
uf_25                                               1 	(obj:0)
uf_26                                               1 	(obj:0)
uf_27                                               1 	(obj:0)
uf_28                                               1 	(obj:0)
uf_29                                               1 	(obj:0)
uf_30                                               1 	(obj:0)
uf_31                                               1 	(obj:0)
uf_32                                               1 	(obj:0)
uf_33                                               1 	(obj:0)
uf_34                                               1 	(obj:0)
uf_35                                               1 	(obj:0)
uf_36                                               1 	(obj:0)
uf_37                                               1 	(obj:0)
uf_38                                               1 	(obj:0)
uf_39                                               1 	(obj:0)
uf_40                                               1 	(obj:0)
uf_41                                               1 	(obj:0)
uf_42                                               1 	(obj:0)
uf_44                                               1 	(obj:0)
uf_45                                               1 	(obj:0)
uf_46                                               1 	(obj:0)
uf_48                                               1 	(obj:0)
uf_49                                               1 	(obj:0)
uf_50                                               1 	(obj:0)
uf_51                                               1 	(obj:0)
uf_52                                               1 	(obj:0)
uf_53                                               1 	(obj:0)
uf_54                                               1 	(obj:0)
uf_55                                               1 	(obj:0)
uf_56                                               1 	(obj:0)
uf_57                                               1 	(obj:0)
uf_58                                               1 	(obj:0)
uf_59                                               1 	(obj:0)
uf_61                                               1 	(obj:0)
uf_62                                               1 	(obj:0)
uf_63                                               1 	(obj:0)
uf_64                                               1 	(obj:0)
uf_65                                               1 	(obj:0)
uf_66                                               1 	(obj:0)
uf_67                                               1 	(obj:0)
uf_68                                               1 	(obj:0)
uf_69                                               1 	(obj:0)
uf_70                                               1 	(obj:0)
uf_71                                               1 	(obj:0)
uf_72                                               1 	(obj:0)
uf_73                                               1 	(obj:0)
uf_74                                               1 	(obj:0)
uf_77                                               1 	(obj:0)
uf_78                                               1 	(obj:0)
uf_79                                               1 	(obj:0)
uf_80                                               1 	(obj:0)
uf_81                                               1 	(obj:0)
uf_82                                               1 	(obj:0)
uf_83                                               1 	(obj:0)
uf_84                                               1 	(obj:0)
uf_85                                               1 	(obj:0)
uf_86                                               1 	(obj:0)
uf_87                                               1 	(obj:0)
uf_88                                               1 	(obj:0)
uf_89                                               1 	(obj:0)
uf_90                                               1 	(obj:0)
uf_91                                               1 	(obj:0)
uf_92                                               1 	(obj:0)
uf_93                                               1 	(obj:0)
uf_94                                               1 	(obj:0)
uf_95                                               1 	(obj:0)
uf_96                                               1 	(obj:0)
uf_97                                               1 	(obj:0)
uf_98                                               1 	(obj:0)
uf_99                                               1 	(obj:0)
uf_100                                              1 	(obj:0)
uf_101                                              1 	(obj:0)
uf_102                                              1 	(obj:0)
uf_103                                              1 	(obj:0)
uf_104                                              1 	(obj:0)
uf_105                                              1 	(obj:0)
uf_106                                              1 	(obj:0)
uf_107                                              1 	(obj:0)
uf_108                                              1 	(obj:0)
uf_109                                              1 	(obj:0)
uf_110                                              1 	(obj:0)
uf_111                                              1 	(obj:0)
uf_112                                              1 	(obj:0)
uf_113                                              1 	(obj:0)
uf_114                                              1 	(obj:0)
uf_115                                              1 	(obj:0)
uf_116                                              1 	(obj:0)
uf_117                                              1 	(obj:0)
uf_118                                              1 	(obj:0)
uf_119                                              1 	(obj:0)
uf_120                                              1 	(obj:0)
uf_121                                              1 	(obj:0)
uf_122                                              1 	(obj:0)
uf_123                                              1 	(obj:0)
uf_124                                              1 	(obj:0)
uf_125                                              1 	(obj:0)
uf_126                                              1 	(obj:0)
uf_127                                              1 	(obj:0)
uf_128                                              1 	(obj:0)
uf_129                                              1 	(obj:0)
uf_130                                              1 	(obj:0)
uf_131                                              1 	(obj:0)
uf_132                                              1 	(obj:0)
uf_133                                              1 	(obj:0)
uf_134                                              1 	(obj:0)
uf_135                                              1 	(obj:0)
uf_136                                              1 	(obj:0)
uf_137                                              1 	(obj:0)
uf_138                                              1 	(obj:0)
uf_139                                              1 	(obj:0)
uf_140                                              1 	(obj:0)
uf_141                                              1 	(obj:0)
uf_142                                              1 	(obj:0)
uf_143                                              1 	(obj:0)
uf_144                                              1 	(obj:0)
uf_145                                              1 	(obj:0)
uf_146                                              1 	(obj:0)
uf_147                                              1 	(obj:0)
uf_148                                              1 	(obj:0)
uf_149                                              1 	(obj:0)
uf_150                                              1 	(obj:0)
uf_151                                              1 	(obj:0)
uf_152                                              1 	(obj:0)
uf_153                                              1 	(obj:0)
uf_154                                              1 	(obj:0)
uf_155                                              1 	(obj:0)
uf_156                                              1 	(obj:0)
uf_157                                              1 	(obj:0)
uf_158                                              1 	(obj:0)
uf_159                                              1 	(obj:0)
uf_160                                              1 	(obj:0)
uf_162                                              1 	(obj:0)
uf_163                                              1 	(obj:0)
uf_165                                              1 	(obj:0)
uf_167                                              1 	(obj:0)
uf_168                                              1 	(obj:0)
uf_169                                              1 	(obj:0)
uf_171                                              1 	(obj:0)
uf_172                                              1 	(obj:0)
uf_173                                              1 	(obj:0)
uf_175                                              1 	(obj:0)
uf_178                                              1 	(obj:0)
uf_179                                              1 	(obj:0)
uf_180                                              1 	(obj:0)
uf_181                                              1 	(obj:0)
uf_182                                              1 	(obj:0)
uf_183                                              1 	(obj:0)
uf_184                                              1 	(obj:0)
uf_185                                              1 	(obj:0)
uf_186                                              1 	(obj:0)
uf_187                                              1 	(obj:0)
uf_189                                              1 	(obj:0)
uf_190                                              1 	(obj:0)
uf_191                                              1 	(obj:0)
uf_192                                              1 	(obj:0)
uf_193                                              1 	(obj:0)
uf_194                                              1 	(obj:0)
uf_195                                              1 	(obj:0)
uf_196                                              1 	(obj:0)
uf_197                                              1 	(obj:0)
uf_198                                              1 	(obj:0)
uf_199                                              1 	(obj:0)
uf_200                                              1 	(obj:0)
uf_202                                              1 	(obj:0)
uf_203                                              1 	(obj:0)
uf_204                                              1 	(obj:0)
uf_205                                              1 	(obj:0)
uf_206                                              1 	(obj:0)
uf_207                                              1 	(obj:0)
uf_208                                              1 	(obj:0)
uf_209                                              1 	(obj:0)
uf_210                                              1 	(obj:0)
uf_211                                              1 	(obj:0)
uf_212                                              1 	(obj:0)
uf_213                                              1 	(obj:0)
uf_214                                              1 	(obj:0)
uf_215                                              1 	(obj:0)
uf_216                                              1 	(obj:0)
uf_217                                              1 	(obj:0)
uf_219                                              1 	(obj:0)
uf_220                                              1 	(obj:0)
uf_223                                              1 	(obj:0)
uf_224                                              1 	(obj:0)
uf_225                                              1 	(obj:0)
uf_226                                              1 	(obj:0)
uf_227                                              1 	(obj:0)
uf_228                                              1 	(obj:0)
uf_229                                              1 	(obj:0)
uf_231                                              1 	(obj:0)
uf_233                                              1 	(obj:0)
uf_234                                              1 	(obj:0)
uf_235                                              1 	(obj:0)
uf_236                                              1 	(obj:0)
uf_237                                              1 	(obj:0)
uf_238                                              1 	(obj:0)
uf_239                                              1 	(obj:0)
uf_240                                              1 	(obj:0)
uf_245                                              1 	(obj:0)
uf_248                                              1 	(obj:0)
uf_249                                              1 	(obj:0)
uf_251                                              1 	(obj:0)
uf_259                                              1 	(obj:0)
uf_260                                              1 	(obj:0)
uf_261                                              1 	(obj:0)
uf_262                                              1 	(obj:0)
uf_263                                              1 	(obj:0)
uf_264                                              1 	(obj:0)
uf_265                                              1 	(obj:0)
uf_266                                              1 	(obj:0)
uf_267                                              1 	(obj:0)
uf_269                                              1 	(obj:0)
uf_270                                              1 	(obj:0)
uf_272                                              1 	(obj:0)
uf_273                                              1 	(obj:0)
uf_274                                              1 	(obj:0)
uf_276                                              1 	(obj:0)
uf_277                                              1 	(obj:0)
uf_278                                              1 	(obj:0)
uf_280                                              1 	(obj:0)
uf_282                                              1 	(obj:0)
uf_283                                              1 	(obj:0)
uf_284                                              1 	(obj:0)
uf_285                                              1 	(obj:0)
uf_286                                              1 	(obj:0)
uf_288                                              1 	(obj:0)
uf_289                                              1 	(obj:0)
uf_290                                              1 	(obj:0)
uf_291                                              1 	(obj:0)
uf_293                                              1 	(obj:0)
uf_295                                              1 	(obj:0)
uf_297                                              1 	(obj:0)
uf_299                                              1 	(obj:0)
uf_300                                              1 	(obj:0)
uf_303                                              1 	(obj:0)
uf_309                                              1 	(obj:0)
uf_311                                              1 	(obj:0)
uf_319                                              1 	(obj:0)
uf_341                                              1 	(obj:0)
uf_342                                              1 	(obj:0)
uf_343                                              1 	(obj:0)
uf_344                                              1 	(obj:0)
uf_345                                              1 	(obj:0)
uf_347                                              1 	(obj:0)
uf_349                                              1 	(obj:0)
uf_350                                              1 	(obj:0)
uf_352                                              1 	(obj:0)
uf_353                                              1 	(obj:0)
uf_356                                              1 	(obj:0)
uf_357                                              1 	(obj:0)
uf_358                                              1 	(obj:0)
uf_360                                              1 	(obj:0)
uf_362                                              1 	(obj:0)
uf_363                                              1 	(obj:0)
uf_364                                              1 	(obj:0)
uf_365                                              1 	(obj:0)
uf_366                                              1 	(obj:0)
uf_368                                              1 	(obj:0)
uf_369                                              1 	(obj:0)
uf_370                                              1 	(obj:0)
uf_371                                              1 	(obj:0)
uf_373                                              1 	(obj:0)
uf_375                                              1 	(obj:0)
uf_379                                              1 	(obj:0)
uf_380                                              1 	(obj:0)
uf_407                                              1 	(obj:0)
uf_414                                              1 	(obj:0)
uf_421                                              1 	(obj:0)
uf_422                                              1 	(obj:0)
uf_423                                              1 	(obj:0)
uf_424                                              1 	(obj:0)
uf_425                                              1 	(obj:0)
uf_427                                              1 	(obj:0)
uf_429                                              1 	(obj:0)
uf_430                                              1 	(obj:0)
uf_432                                              1 	(obj:0)
uf_433                                              1 	(obj:0)
uf_436                                              1 	(obj:0)
uf_437                                              1 	(obj:0)
uf_438                                              1 	(obj:0)
uf_440                                              1 	(obj:0)
uf_441                                              1 	(obj:0)
uf_442                                              1 	(obj:0)
uf_443                                              1 	(obj:0)
uf_444                                              1 	(obj:0)
uf_445                                              1 	(obj:0)
uf_446                                              1 	(obj:0)
uf_448                                              1 	(obj:0)
uf_449                                              1 	(obj:0)
uf_450                                              1 	(obj:0)
uf_451                                              1 	(obj:0)
uf_452                                              1 	(obj:0)
uf_453                                              1 	(obj:0)
uf_455                                              1 	(obj:0)
uf_458                                              1 	(obj:0)
uf_459                                              1 	(obj:0)
uf_460                                              1 	(obj:0)
uf_468                                              1 	(obj:0)
uf_474                                              1 	(obj:0)
uf_481                                              1 	(obj:0)
uf_484                                              1 	(obj:0)
uf_486                                              1 	(obj:0)
uf_487                                              1 	(obj:0)
uf_488                                              1 	(obj:0)
uf_490                                              1 	(obj:0)
uf_494                                              1 	(obj:0)
uf_496                                              1 	(obj:0)
uf_497                                              1 	(obj:0)
uf_501                                              1 	(obj:0)
uf_502                                              1 	(obj:0)
uf_503                                              1 	(obj:0)
uf_504                                              1 	(obj:0)
uf_505                                              1 	(obj:0)
uf_506                                              1 	(obj:0)
uf_507                                              1 	(obj:0)
uf_508                                              1 	(obj:0)
uf_509                                              1 	(obj:0)
uf_510                                              1 	(obj:0)
uf_511                                              1 	(obj:0)
uf_512                                              1 	(obj:0)
uf_513                                              1 	(obj:0)
uf_514                                              1 	(obj:0)
uf_515                                              1 	(obj:0)
uf_516                                              1 	(obj:0)
uf_517                                              1 	(obj:0)
uf_518                                              1 	(obj:0)
uf_519                                              1 	(obj:0)
uf_520                                              1 	(obj:0)
uf_521                                              1 	(obj:0)
uf_522                                              1 	(obj:0)
uf_523                                              1 	(obj:0)
uf_524                                              1 	(obj:0)
uf_525                                              1 	(obj:0)
uf_526                                              1 	(obj:0)
uf_528                                              1 	(obj:0)
uf_529                                              1 	(obj:0)
uf_530                                              1 	(obj:0)
uf_531                                              1 	(obj:0)
uf_532                                              1 	(obj:0)
uf_533                                              1 	(obj:0)
uf_535                                              1 	(obj:0)
uf_536                                              1 	(obj:0)
uf_537                                              1 	(obj:0)
uf_538                                              1 	(obj:0)
uf_539                                              1 	(obj:0)
uf_540                                              1 	(obj:0)
uf_541                                              1 	(obj:0)
uf_542                                              1 	(obj:0)
uf_547                                              1 	(obj:0)
uf_548                                              1 	(obj:0)
uf_550                                              1 	(obj:0)
uf_552                                              1 	(obj:0)
uf_554                                              1 	(obj:0)
uf_561                                              1 	(obj:0)
uf_562                                              1 	(obj:0)
uf_563                                              1 	(obj:0)
uf_564                                              1 	(obj:0)
uf_566                                              1 	(obj:0)
uf_567                                              1 	(obj:0)
uf_570                                              1 	(obj:0)
uf_572                                              1 	(obj:0)
uf_573                                              1 	(obj:0)
uf_574                                              1 	(obj:0)
uf_575                                              1 	(obj:0)
uf_576                                              1 	(obj:0)
uf_577                                              1 	(obj:0)
uf_578                                              1 	(obj:0)
uf_581                                              1 	(obj:0)
uf_582                                              1 	(obj:0)
uf_583                                              1 	(obj:0)
uf_584                                              1 	(obj:0)
uf_585                                              1 	(obj:0)
uf_586                                              1 	(obj:0)
uf_587                                              1 	(obj:0)
uf_588                                              1 	(obj:0)
uf_589                                              1 	(obj:0)
uf_590                                              1 	(obj:0)
uf_591                                              1 	(obj:0)
uf_592                                              1 	(obj:0)
uf_593                                              1 	(obj:0)
uf_595                                              1 	(obj:0)
uf_596                                              1 	(obj:0)
uf_597                                              1 	(obj:0)
uf_598                                              1 	(obj:0)
uf_599                                              1 	(obj:0)
uf_600                                              1 	(obj:0)
uf_601                                              1 	(obj:0)
uf_602                                              1 	(obj:0)
uf_603                                              1 	(obj:0)
uf_604                                              1 	(obj:0)
uf_605                                              1 	(obj:0)
uf_606                                              1 	(obj:0)
uf_607                                              1 	(obj:0)
uf_608                                              1 	(obj:0)
uf_609                                              1 	(obj:0)
uf_610                                              1 	(obj:0)
uf_611                                              1 	(obj:0)
uf_613                                              1 	(obj:0)
uf_614                                              1 	(obj:0)
uf_615                                              1 	(obj:0)
uf_616                                              1 	(obj:0)
uf_617                                              1 	(obj:0)
uf_618                                              1 	(obj:0)
uf_619                                              1 	(obj:0)
uf_620                                              1 	(obj:0)
uf_621                                              1 	(obj:0)
uf_622                                              1 	(obj:0)
uf_624                                              1 	(obj:0)
uf_625                                              1 	(obj:0)
uf_626                                              1 	(obj:0)
uf_627                                              1 	(obj:0)
uf_628                                              1 	(obj:0)
uf_630                                              1 	(obj:0)
uf_632                                              1 	(obj:0)
uf_633                                              1 	(obj:0)
uf_635                                              1 	(obj:0)
uf_636                                              1 	(obj:0)
uf_637                                              1 	(obj:0)
uf_638                                              1 	(obj:0)
uf_640                                              1 	(obj:0)
uf_882                                              1 	(obj:0)
uf_883                                              1 	(obj:0)
uf_884                                              1 	(obj:0)
uf_885                                              1 	(obj:0)
uf_886                                              1 	(obj:0)
uf_888                                              1 	(obj:0)
uf_889                                              1 	(obj:0)
uf_890                                              1 	(obj:0)
uf_891                                              1 	(obj:0)
uf_892                                              1 	(obj:0)
uf_893                                              1 	(obj:0)
uf_894                                              1 	(obj:0)
uf_895                                              1 	(obj:0)
uf_896                                              1 	(obj:0)
uf_897                                              1 	(obj:0)
uf_898                                              1 	(obj:0)
uf_899                                              1 	(obj:0)
uf_900                                              1 	(obj:0)
uf_904                                              1 	(obj:0)
uf_905                                              1 	(obj:0)
uf_909                                              1 	(obj:0)
uf_910                                              1 	(obj:0)
uf_911                                              1 	(obj:0)
uf_912                                              1 	(obj:0)
uf_913                                              1 	(obj:0)
uf_914                                              1 	(obj:0)
uf_915                                              1 	(obj:0)
uf_918                                              1 	(obj:0)
uf_919                                              1 	(obj:0)
uf_920                                              1 	(obj:0)
uf_924                                              1 	(obj:0)
uf_925                                              1 	(obj:0)
uf_929                                              1 	(obj:0)
uf_930                                              1 	(obj:0)
uf_931                                              1 	(obj:0)
uf_934                                              1 	(obj:0)
uf_938                                              1 	(obj:0)
uf_939                                              1 	(obj:0)
dr_14                                               1 	(obj:0)
dr_21                                               1 	(obj:0)
dr_24                                               1 	(obj:0)
dr_26                                               1 	(obj:0)
dr_30                                               1 	(obj:0)
dr_36                                               1 	(obj:0)
dr_37                                               1 	(obj:0)
dr_67                                               1 	(obj:0)
dr_102                                              1 	(obj:0)
dr_103                                              1 	(obj:0)
dr_112                                              1 	(obj:0)
dr_113                                              1 	(obj:0)
dr_115                                              1 	(obj:0)
dr_118                                              1 	(obj:0)
dr_148                                              1 	(obj:0)
dr_165                                              1 	(obj:0)
dr_169                                              1 	(obj:0)
dr_171                                              1 	(obj:0)
dr_179                                              1 	(obj:0)
dr_180                                              1 	(obj:0)
dr_268                                              1 	(obj:0)
dr_307                                              1 	(obj:0)
dr_321                                              1 	(obj:0)
dr_322                                              1 	(obj:0)
dr_323                                              1 	(obj:0)
dr_324                                              1 	(obj:0)
dr_325                                              1 	(obj:0)
dr_326                                              1 	(obj:0)
dr_327                                              1 	(obj:0)
dr_328                                              1 	(obj:0)
dr_329                                              1 	(obj:0)
dr_330                                              1 	(obj:0)
dr_331                                              1 	(obj:0)
dr_332                                              1 	(obj:0)
dr_333                                              1 	(obj:0)
dr_334                                              1 	(obj:0)
dr_335                                              1 	(obj:0)
dr_336                                              1 	(obj:0)
dr_337                                              1 	(obj:0)
dr_338                                              1 	(obj:0)
dr_339                                              1 	(obj:0)
dr_340                                              1 	(obj:0)
dr_408                                              1 	(obj:0)
dr_471                                              1 	(obj:0)
dr_475                                              1 	(obj:0)
dr_479                                              1 	(obj:0)
dr_526                                              1 	(obj:0)
dr_534                                              1 	(obj:0)
dr_654                                              1 	(obj:0)
dr_686                                              1 	(obj:0)
dr_701                                              1 	(obj:0)
dr_702                                              1 	(obj:0)
dr_703                                              1 	(obj:0)
dr_704                                              1 	(obj:0)
dr_705                                              1 	(obj:0)
dr_706                                              1 	(obj:0)
dr_707                                              1 	(obj:0)
dr_708                                              1 	(obj:0)
dr_709                                              1 	(obj:0)
dr_710                                              1 	(obj:0)
dr_711                                              1 	(obj:0)
dr_712                                              1 	(obj:0)
dr_713                                              1 	(obj:0)
dr_714                                              1 	(obj:0)
dr_715                                              1 	(obj:0)
dr_716                                              1 	(obj:0)
dr_717                                              1 	(obj:0)
dr_718                                              1 	(obj:0)
dr_719                                              1 	(obj:0)
dr_720                                              1 	(obj:0)
dr_761                                              1 	(obj:0)
dr_778                                              1 	(obj:0)
dr_832                                              1 	(obj:0)
dr_856                                              1 	(obj:0)
dr_867                                              1 	(obj:0)
dr_874                                              1 	(obj:0)
dr_917                                              1 	(obj:0)
dr_1032                                             1 	(obj:0)
dr_1077                                             1 	(obj:0)
dr_1081                                             1 	(obj:0)
dr_1082                                             1 	(obj:0)
dr_1083                                             1 	(obj:0)
dr_1084                                             1 	(obj:0)
dr_1085                                             1 	(obj:0)
dr_1086                                             1 	(obj:0)
dr_1087                                             1 	(obj:0)
dr_1088                                             1 	(obj:0)
dr_1089                                             1 	(obj:0)
dr_1090                                             1 	(obj:0)
dr_1091                                             1 	(obj:0)
dr_1092                                             1 	(obj:0)
dr_1093                                             1 	(obj:0)
dr_1094                                             1 	(obj:0)
dr_1095                                             1 	(obj:0)
dr_1096                                             1 	(obj:0)
dr_1097                                             1 	(obj:0)
dr_1098                                             1 	(obj:0)
dr_1099                                             1 	(obj:0)
dr_1100                                             1 	(obj:0)
dr_1161                                             1 	(obj:0)
dr_1162                                             1 	(obj:0)
dr_1170                                             1 	(obj:0)
dr_1172                                             1 	(obj:0)
dr_1208                                             1 	(obj:0)
dr_1214                                             1 	(obj:0)
dr_1227                                             1 	(obj:0)
dr_1244                                             1 	(obj:0)
dr_1245                                             1 	(obj:0)
dr_1246                                             1 	(obj:0)
dr_1253                                             1 	(obj:0)
dr_1255                                             1 	(obj:0)
dr_1256                                             1 	(obj:0)
dr_1257                                             1 	(obj:0)
dr_1258                                             1 	(obj:0)
dr_1260                                             1 	(obj:0)
dr_1301                                             1 	(obj:0)
dr_1302                                             1 	(obj:0)
dr_1303                                             1 	(obj:0)
dr_1304                                             1 	(obj:0)
dr_1305                                             1 	(obj:0)
dr_1306                                             1 	(obj:0)
dr_1307                                             1 	(obj:0)
dr_1308                                             1 	(obj:0)
dr_1309                                             1 	(obj:0)
dr_1310                                             1 	(obj:0)
dr_1311                                             1 	(obj:0)
dr_1312                                             1 	(obj:0)
dr_1313                                             1 	(obj:0)
dr_1314                                             1 	(obj:0)
dr_1315                                             1 	(obj:0)
dr_1316                                             1 	(obj:0)
dr_1317                                             1 	(obj:0)
dr_1318                                             1 	(obj:0)
dr_1319                                             1 	(obj:0)
dr_1320                                             1 	(obj:0)
dr_1414                                             1 	(obj:0)
dr_1461                                             1 	(obj:0)
dr_1462                                             1 	(obj:0)
dr_1463                                             1 	(obj:0)
dr_1464                                             1 	(obj:0)
dr_1465                                             1 	(obj:0)
dr_1466                                             1 	(obj:0)
dr_1467                                             1 	(obj:0)
dr_1468                                             1 	(obj:0)
dr_1469                                             1 	(obj:0)
dr_1470                                             1 	(obj:0)
dr_1471                                             1 	(obj:0)
dr_1472                                             1 	(obj:0)
dr_1473                                             1 	(obj:0)
dr_1474                                             1 	(obj:0)
dr_1475                                             1 	(obj:0)
dr_1476                                             1 	(obj:0)
dr_1477                                             1 	(obj:0)
dr_1478                                             1 	(obj:0)
dr_1479                                             1 	(obj:0)
dr_1480                                             1 	(obj:0)
ud_3                                               10 	(obj:1000)
ud_6                                               10 	(obj:1000)
ud_7                                               44 	(obj:1000)
ud_8                                              250 	(obj:1000)
ud_9                                              250 	(obj:1000)
ud_10                                             250 	(obj:1000)
ud_11                                              75 	(obj:1000)
ud_12                                              20 	(obj:1000)
ud_18                                              10 	(obj:1000)
ud_22                                             144 	(obj:1000)
ud_23                                             250 	(obj:1000)
ud_24                                             250 	(obj:1000)
ud_25                                             250 	(obj:1000)
ud_26                                              75 	(obj:1000)
ud_27                                              20 	(obj:1000)
ud_33                                              10 	(obj:1000)
ud_37                                             138 	(obj:1000)
ud_38                                             250 	(obj:1000)
ud_39                                             250 	(obj:1000)
ud_40                                             250 	(obj:1000)
ud_41                                              75 	(obj:1000)
ud_42                                              20 	(obj:1000)
ud_48                                              10 	(obj:1000)
ud_52                                              44 	(obj:1000)
ud_53                                             250 	(obj:1000)
ud_54                                             250 	(obj:1000)
ud_55                                             250 	(obj:1000)
ud_56                                              75 	(obj:1000)
ud_57                                              20 	(obj:1000)
